{
  "RSpec": {
    "coverage": {
      "/Users/davehardy632/turing/4module/projects/listings_and_city_microservice/app/models/user.rb": [
        1,
        1,
        1,
        1,
        1,
        1,
        1,
        null
      ],
      "/Users/davehardy632/turing/4module/projects/listings_and_city_microservice/app/models/application_record.rb": [
        1,
        1,
        null
      ],
      "/Users/davehardy632/turing/4module/projects/listings_and_city_microservice/app/controllers/api/v1/listings_controller.rb": [
        1,
        null,
        1,
        5,
        3,
        null,
        2,
        null,
        null,
        null,
        2,
        null,
        null,
        null,
        1,
        null,
        1,
        3,
        null,
        null,
        null
      ],
      "/Users/davehardy632/turing/4module/projects/listings_and_city_microservice/app/controllers/application_controller.rb": [
        1,
        null
      ],
      "/Users/davehardy632/turing/4module/projects/listings_and_city_microservice/app/facades/listings_facade.rb": [
        1,
        null,
        1,
        null,
        1,
        3,
        3,
        3,
        3,
        3,
        null,
        null,
        1,
        3,
        3,
        47,
        47,
        47,
        3,
        44,
        2,
        null,
        null,
        3,
        null,
        null,
        1,
        null,
        1,
        null,
        1,
        3,
        null,
        null,
        null
      ],
      "/Users/davehardy632/turing/4module/projects/listings_and_city_microservice/app/services/jooble_service.rb": [
        1,
        1,
        null,
        1,
        3,
        null,
        null,
        null,
        null,
        null,
        null,
        null,
        1,
        3,
        null,
        null,
        1,
        3,
        3,
        null,
        null,
        null,
        1,
        6,
        6,
        30,
        6,
        null,
        null,
        6,
        null,
        null,
        1,
        3,
        3,
        3,
        null,
        null,
        null,
        1,
        3,
        null,
        null,
        null
      ],
      "/Users/davehardy632/turing/4module/projects/listings_and_city_microservice/app/controllers/api/v1/city_info_controller.rb": [
        1,
        null,
        null,
        1,
        1,
        1,
        null,
        0,
        null,
        null,
        null,
        0,
        null,
        null,
        null,
        1,
        null,
        1,
        1,
        1,
        null,
        0,
        null,
        null,
        null,
        1,
        1,
        null,
        null,
        null
      ],
      "/Users/davehardy632/turing/4module/projects/listings_and_city_microservice/app/facades/city_info_facade.rb": [
        1,
        null,
        1,
        1,
        null,
        null,
        1,
        1,
        null,
        null,
        null,
        1,
        1,
        null,
        null,
        1,
        1,
        1,
        1,
        1,
        1,
        null,
        null,
        1,
        null,
        1,
        null,
        1,
        1,
        null,
        null,
        1,
        1,
        null,
        null,
        1,
        1,
        null,
        null
      ],
      "/Users/davehardy632/turing/4module/projects/listings_and_city_microservice/app/services/teleport_basic_city_info_service.rb": [
        1,
        null,
        1,
        1,
        null,
        null,
        null,
        1,
        1,
        1,
        null,
        null,
        1,
        1,
        1,
        null,
        null,
        null,
        1,
        null,
        1,
        null,
        null
      ],
      "/Users/davehardy632/turing/4module/projects/listings_and_city_microservice/app/services/teleport_location_service.rb": [
        1,
        null,
        1,
        33,
        33,
        null,
        null,
        1,
        33,
        33,
        null,
        null,
        1,
        33,
        33,
        null,
        null,
        null,
        1,
        null,
        1,
        null,
        null
      ],
      "/Users/davehardy632/turing/4module/projects/listings_and_city_microservice/app/services/google_geocode_api_service.rb": [
        1,
        null,
        1,
        33,
        null,
        null,
        1,
        33,
        33,
        null,
        null,
        1,
        33,
        33,
        null,
        null,
        null,
        1,
        null,
        1,
        null
      ],
      "/Users/davehardy632/turing/4module/projects/listings_and_city_microservice/app/controllers/api/v1/urban_area_scores_controller.rb": [
        1,
        null,
        1,
        2,
        2,
        null,
        0,
        null,
        null,
        null,
        0,
        null,
        null,
        null,
        1,
        null,
        1,
        2,
        2,
        null,
        0,
        null,
        null,
        null,
        1,
        2,
        null,
        null
      ],
      "/Users/davehardy632/turing/4module/projects/listings_and_city_microservice/app/facades/city_data_facade.rb": [
        1,
        null,
        1,
        4,
        null,
        null,
        1,
        20,
        null,
        null,
        1,
        10,
        4,
        null,
        6,
        null,
        null,
        null,
        1,
        4,
        null,
        null,
        4,
        2,
        null,
        2,
        null,
        null,
        null,
        1,
        2,
        1,
        null,
        1,
        null,
        null,
        null,
        1,
        1,
        1,
        1,
        1,
        1,
        null,
        null,
        1,
        1,
        1,
        1,
        1,
        1,
        null,
        null,
        1,
        2,
        1,
        null,
        1,
        null,
        null,
        null,
        1,
        2,
        null,
        null,
        1,
        null,
        1,
        null,
        1,
        4,
        null,
        null,
        1,
        6,
        null,
        null,
        1,
        20,
        null,
        null,
        1,
        20,
        null,
        null,
        null
      ],
      "/Users/davehardy632/turing/4module/projects/listings_and_city_microservice/app/services/teleport_city_scores_service.rb": [
        1,
        null,
        1,
        4,
        null,
        null,
        1,
        4,
        4,
        null,
        null,
        1,
        4,
        2,
        2,
        null,
        null,
        2,
        2,
        null,
        null,
        null,
        null,
        1,
        null,
        1,
        null,
        null
      ],
      "/Users/davehardy632/turing/4module/projects/listings_and_city_microservice/app/controllers/api/v1/urban_area_salaries_controller.rb": [
        1,
        null,
        1,
        2,
        2,
        null,
        0,
        null,
        null,
        null,
        0,
        null,
        null,
        null,
        1,
        null,
        1,
        2,
        2,
        null,
        0,
        null,
        null,
        null,
        1,
        2,
        null,
        null
      ],
      "/Users/davehardy632/turing/4module/projects/listings_and_city_microservice/app/services/teleport_city_salaries_service.rb": [
        1,
        null,
        1,
        6,
        null,
        null,
        1,
        6,
        6,
        null,
        null,
        null,
        1,
        6,
        6,
        null,
        null,
        null,
        1,
        null,
        1,
        null,
        null
      ],
      "/Users/davehardy632/turing/4module/projects/listings_and_city_microservice/app/controllers/api/v1/urban_area_details_controller.rb": [
        1,
        null,
        1,
        2,
        2,
        null,
        0,
        null,
        null,
        null,
        0,
        null,
        null,
        null,
        1,
        null,
        1,
        2,
        2,
        null,
        0,
        null,
        null,
        null,
        1,
        2,
        null,
        null
      ],
      "/Users/davehardy632/turing/4module/projects/listings_and_city_microservice/app/facades/city_details_facade.rb": [
        1,
        null,
        1,
        2,
        null,
        null,
        null,
        1,
        6,
        null,
        null,
        1,
        4,
        2,
        null,
        null,
        null,
        2,
        null,
        null,
        null,
        1,
        2,
        1,
        null,
        1,
        null,
        null,
        null,
        1,
        null,
        1,
        null,
        1,
        4,
        null,
        null,
        1,
        6,
        null,
        null,
        1,
        6,
        null,
        null,
        null
      ],
      "/Users/davehardy632/turing/4module/projects/listings_and_city_microservice/app/services/teleport_details_service.rb": [
        1,
        null,
        1,
        4,
        null,
        null,
        1,
        1,
        1,
        null,
        null,
        1,
        3,
        null,
        null,
        1,
        1,
        1,
        null,
        null,
        null,
        1,
        null,
        1,
        null,
        null
      ],
      "/Users/davehardy632/turing/4module/projects/listings_and_city_microservice/app/controllers/api/v1/urban_area_images_controller.rb": [
        1,
        null,
        1,
        2,
        2,
        null,
        0,
        null,
        null,
        null,
        0,
        null,
        null,
        null,
        1,
        null,
        1,
        2,
        2,
        null,
        0,
        null,
        null,
        null,
        1,
        2,
        null,
        null
      ],
      "/Users/davehardy632/turing/4module/projects/listings_and_city_microservice/app/facades/city_images_facade.rb": [
        1,
        null,
        1,
        2,
        null,
        null,
        null,
        1,
        6,
        null,
        null,
        1,
        4,
        2,
        null,
        null,
        null,
        2,
        null,
        null,
        null,
        1,
        2,
        1,
        null,
        1,
        null,
        null,
        null,
        1,
        null,
        1,
        null,
        1,
        4,
        null,
        null,
        1,
        6,
        null,
        null,
        1,
        6,
        null,
        null,
        null
      ],
      "/Users/davehardy632/turing/4module/projects/listings_and_city_microservice/app/services/teleport_images_service.rb": [
        1,
        null,
        1,
        4,
        null,
        null,
        1,
        1,
        1,
        null,
        null,
        1,
        3,
        null,
        null,
        1,
        1,
        1,
        null,
        null,
        null,
        1,
        null,
        1,
        null,
        null
      ],
      "/Users/davehardy632/turing/4module/projects/listings_and_city_microservice/app/controllers/api/v1/sessions_controller.rb": [
        1,
        null,
        1,
        4,
        3,
        3,
        1,
        1,
        null,
        null,
        null,
        null,
        null,
        2,
        1,
        null,
        null,
        null,
        1,
        null,
        null,
        null,
        null,
        1,
        null,
        null,
        null,
        null,
        null,
        1,
        4,
        4,
        1,
        null,
        3,
        null,
        null,
        null,
        null,
        1,
        null,
        4,
        null,
        null,
        null,
        null,
        null,
        null
      ],
      "/Users/davehardy632/turing/4module/projects/listings_and_city_microservice/app/controllers/api/v1/users_controller.rb": [
        1,
        1,
        3,
        1,
        null,
        null,
        null,
        1,
        null,
        2,
        1,
        null,
        1,
        null,
        null,
        null,
        null,
        null,
        null,
        null,
        null,
        1,
        null,
        null,
        null,
        null,
        null,
        null,
        null,
        1,
        null,
        null,
        null,
        null,
        null,
        null,
        1,
        null,
        1,
        3,
        3,
        0,
        null,
        3,
        null,
        null,
        null,
        1,
        null,
        3,
        null,
        null,
        null,
        null,
        null,
        null,
        null,
        null,
        null,
        null,
        null,
        null,
        null,
        null,
        null
      ],
      "/Users/davehardy632/turing/4module/projects/listings_and_city_microservice/app/mailers/application_mailer.rb": [
        0,
        0,
        0,
        0
      ],
      "/Users/davehardy632/turing/4module/projects/listings_and_city_microservice/app/serializers/listings_serializer.rb": [
        0,
        0,
        null,
        null,
        null,
        null,
        0
      ],
      "/Users/davehardy632/turing/4module/projects/listings_and_city_microservice/app/jobs/application_job.rb": [
        0,
        0
      ],
      "/Users/davehardy632/turing/4module/projects/listings_and_city_microservice/app/services/teleport_city_search_service.rb": [
        0,
        null,
        0,
        0,
        0,
        null,
        0,
        0,
        0,
        0,
        null,
        0,
        0,
        0,
        0,
        0,
        null,
        0,
        null,
        0,
        0
      ],
      "/Users/davehardy632/turing/4module/projects/listings_and_city_microservice/app/channels/application_cable/connection.rb": [
        0,
        0,
        0,
        0
      ],
      "/Users/davehardy632/turing/4module/projects/listings_and_city_microservice/app/channels/application_cable/channel.rb": [
        0,
        0,
        0,
        0
      ]
    },
    "timestamp": 1568225935
  }
}
